<?xml version="1.0" encoding="UTF-8"?>
<!-- Generated by org.testng.reporters.JUnitReportReporter -->
<testsuite skipped="0" hostname="Dell-43G7TC2" name="pl.rwroblewski.collibrainterview.controller.MessageHandlerTest" tests="6" failures="0" timestamp="13 Jan 2019 13:30:28 GMT" time="0.593" errors="0">
  <testcase name="testSignin" time="0.000" classname="pl.rwroblewski.collibrainterview.controller.MessageHandlerTest"/>
  <testcase name="testAddEdge" time="0.562" classname="pl.rwroblewski.collibrainterview.controller.MessageHandlerTest"/>
  <testcase name="testSignout" time="0.000" classname="pl.rwroblewski.collibrainterview.controller.MessageHandlerTest"/>
  <testcase name="testAddNode" time="0.000" classname="pl.rwroblewski.collibrainterview.controller.MessageHandlerTest"/>
  <testcase name="testRemoveNode" time="0.015" classname="pl.rwroblewski.collibrainterview.controller.MessageHandlerTest"/>
  <testcase name="testRemoveEdge" time="0.016" classname="pl.rwroblewski.collibrainterview.controller.MessageHandlerTest"/>
</testsuite> <!-- pl.rwroblewski.collibrainterview.controller.MessageHandlerTest -->
